0 info it worked if it ends with ok
1 verbose cli [ 'node', '/usr/local/bin/npm', 'install' ]
2 info using npm@1.4.28
3 info using node@v0.10.35
4 verbose readDependencies using package.json deps
5 verbose install where, deps [ '/Users/hypnos/qex-controls',
5 verbose install   [ 'glob',
5 verbose install     'exoskeleton',
5 verbose install     'zepto',
5 verbose install     'qex-prism',
5 verbose install     'backbone',
5 verbose install     'chai',
5 verbose install     'conkitty',
5 verbose install     'del',
5 verbose install     'gulp',
5 verbose install     'gulp-autoprefixer',
5 verbose install     'gulp-concat',
5 verbose install     'gulp-conkitty',
5 verbose install     'gulp-connect',
5 verbose install     'gulp-eslint',
5 verbose install     'gulp-filter',
5 verbose install     'gulp-less',
5 verbose install     'gulp-mocha-phantomjs',
5 verbose install     'gulp-rename',
5 verbose install     'gulp-uglify',
5 verbose install     'gulp-util',
5 verbose install     'gulp-wrapper',
5 verbose install     'jquery',
5 verbose install     'mocha',
5 verbose install     'sinon',
5 verbose install     'through2',
5 verbose install     'yargs' ] ]
6 info preinstall qex-controls@0.4.0
7 verbose readDependencies using package.json deps
8 verbose cache add [ 'exoskeleton@0.7.0', null ]
9 verbose cache add name=undefined spec="exoskeleton@0.7.0" args=["exoskeleton@0.7.0",null]
10 verbose parsed url { protocol: null,
10 verbose parsed url   slashes: null,
10 verbose parsed url   auth: null,
10 verbose parsed url   host: null,
10 verbose parsed url   port: null,
10 verbose parsed url   hostname: null,
10 verbose parsed url   hash: null,
10 verbose parsed url   search: null,
10 verbose parsed url   query: null,
10 verbose parsed url   pathname: 'exoskeleton@0.7.0',
10 verbose parsed url   path: 'exoskeleton@0.7.0',
10 verbose parsed url   href: 'exoskeleton@0.7.0' }
11 verbose cache add [ 'zepto@https://github.com/madrobby/zepto', null ]
12 verbose cache add name=undefined spec="zepto@https://github.com/madrobby/zepto" args=["zepto@https://github.com/madrobby/zepto",null]
13 verbose parsed url { protocol: null,
13 verbose parsed url   slashes: null,
13 verbose parsed url   auth: null,
13 verbose parsed url   host: null,
13 verbose parsed url   port: null,
13 verbose parsed url   hostname: null,
13 verbose parsed url   hash: null,
13 verbose parsed url   search: null,
13 verbose parsed url   query: null,
13 verbose parsed url   pathname: 'zepto@https://github.com/madrobby/zepto',
13 verbose parsed url   path: 'zepto@https://github.com/madrobby/zepto',
13 verbose parsed url   href: 'zepto@https://github.com/madrobby/zepto' }
14 verbose cache add [ 'qex-prism@https://github.com/maetchkin/qex-prism', null ]
15 verbose cache add name=undefined spec="qex-prism@https://github.com/maetchkin/qex-prism" args=["qex-prism@https://github.com/maetchkin/qex-prism",null]
16 verbose parsed url { protocol: null,
16 verbose parsed url   slashes: null,
16 verbose parsed url   auth: null,
16 verbose parsed url   host: null,
16 verbose parsed url   port: null,
16 verbose parsed url   hostname: null,
16 verbose parsed url   hash: null,
16 verbose parsed url   search: null,
16 verbose parsed url   query: null,
16 verbose parsed url   pathname: 'qex-prism@https://github.com/maetchkin/qex-prism',
16 verbose parsed url   path: 'qex-prism@https://github.com/maetchkin/qex-prism',
16 verbose parsed url   href: 'qex-prism@https://github.com/maetchkin/qex-prism' }
17 verbose cache add [ 'backbone@1.1.2', null ]
18 verbose cache add name=undefined spec="backbone@1.1.2" args=["backbone@1.1.2",null]
19 verbose parsed url { protocol: null,
19 verbose parsed url   slashes: null,
19 verbose parsed url   auth: null,
19 verbose parsed url   host: null,
19 verbose parsed url   port: null,
19 verbose parsed url   hostname: null,
19 verbose parsed url   hash: null,
19 verbose parsed url   search: null,
19 verbose parsed url   query: null,
19 verbose parsed url   pathname: 'backbone@1.1.2',
19 verbose parsed url   path: 'backbone@1.1.2',
19 verbose parsed url   href: 'backbone@1.1.2' }
20 verbose cache add [ 'chai@1.10.0', null ]
21 verbose cache add name=undefined spec="chai@1.10.0" args=["chai@1.10.0",null]
22 verbose parsed url { protocol: null,
22 verbose parsed url   slashes: null,
22 verbose parsed url   auth: null,
22 verbose parsed url   host: null,
22 verbose parsed url   port: null,
22 verbose parsed url   hostname: null,
22 verbose parsed url   hash: null,
22 verbose parsed url   search: null,
22 verbose parsed url   query: null,
22 verbose parsed url   pathname: 'chai@1.10.0',
22 verbose parsed url   path: 'chai@1.10.0',
22 verbose parsed url   href: 'chai@1.10.0' }
23 verbose cache add [ 'conkitty@0.5.16', null ]
24 verbose cache add name=undefined spec="conkitty@0.5.16" args=["conkitty@0.5.16",null]
25 verbose parsed url { protocol: null,
25 verbose parsed url   slashes: null,
25 verbose parsed url   auth: null,
25 verbose parsed url   host: null,
25 verbose parsed url   port: null,
25 verbose parsed url   hostname: null,
25 verbose parsed url   hash: null,
25 verbose parsed url   search: null,
25 verbose parsed url   query: null,
25 verbose parsed url   pathname: 'conkitty@0.5.16',
25 verbose parsed url   path: 'conkitty@0.5.16',
25 verbose parsed url   href: 'conkitty@0.5.16' }
26 verbose cache add [ 'del@0.1.3', null ]
27 verbose cache add name=undefined spec="del@0.1.3" args=["del@0.1.3",null]
28 verbose parsed url { protocol: null,
28 verbose parsed url   slashes: null,
28 verbose parsed url   auth: null,
28 verbose parsed url   host: null,
28 verbose parsed url   port: null,
28 verbose parsed url   hostname: null,
28 verbose parsed url   hash: null,
28 verbose parsed url   search: null,
28 verbose parsed url   query: null,
28 verbose parsed url   pathname: 'del@0.1.3',
28 verbose parsed url   path: 'del@0.1.3',
28 verbose parsed url   href: 'del@0.1.3' }
29 verbose cache add [ 'gulp@3.8.11', null ]
30 verbose cache add name=undefined spec="gulp@3.8.11" args=["gulp@3.8.11",null]
31 verbose parsed url { protocol: null,
31 verbose parsed url   slashes: null,
31 verbose parsed url   auth: null,
31 verbose parsed url   host: null,
31 verbose parsed url   port: null,
31 verbose parsed url   hostname: null,
31 verbose parsed url   hash: null,
31 verbose parsed url   search: null,
31 verbose parsed url   query: null,
31 verbose parsed url   pathname: 'gulp@3.8.11',
31 verbose parsed url   path: 'gulp@3.8.11',
31 verbose parsed url   href: 'gulp@3.8.11' }
32 verbose cache add [ 'gulp-autoprefixer@2.1.0', null ]
33 verbose cache add name=undefined spec="gulp-autoprefixer@2.1.0" args=["gulp-autoprefixer@2.1.0",null]
34 verbose parsed url { protocol: null,
34 verbose parsed url   slashes: null,
34 verbose parsed url   auth: null,
34 verbose parsed url   host: null,
34 verbose parsed url   port: null,
34 verbose parsed url   hostname: null,
34 verbose parsed url   hash: null,
34 verbose parsed url   search: null,
34 verbose parsed url   query: null,
34 verbose parsed url   pathname: 'gulp-autoprefixer@2.1.0',
34 verbose parsed url   path: 'gulp-autoprefixer@2.1.0',
34 verbose parsed url   href: 'gulp-autoprefixer@2.1.0' }
35 verbose cache add name="exoskeleton" spec="0.7.0" args=["exoskeleton","0.7.0"]
36 verbose parsed url { protocol: null,
36 verbose parsed url   slashes: null,
36 verbose parsed url   auth: null,
36 verbose parsed url   host: null,
36 verbose parsed url   port: null,
36 verbose parsed url   hostname: null,
36 verbose parsed url   hash: null,
36 verbose parsed url   search: null,
36 verbose parsed url   query: null,
36 verbose parsed url   pathname: '0.7.0',
36 verbose parsed url   path: '0.7.0',
36 verbose parsed url   href: '0.7.0' }
37 verbose addNamed [ 'exoskeleton', '0.7.0' ]
38 verbose addNamed [ '0.7.0', '0.7.0' ]
39 verbose cache add name="zepto" spec="https://github.com/madrobby/zepto" args=["zepto","https://github.com/madrobby/zepto"]
40 verbose parsed url { protocol: 'https:',
40 verbose parsed url   slashes: true,
40 verbose parsed url   auth: null,
40 verbose parsed url   host: 'github.com',
40 verbose parsed url   port: null,
40 verbose parsed url   hostname: 'github.com',
40 verbose parsed url   hash: null,
40 verbose parsed url   search: null,
40 verbose parsed url   query: null,
40 verbose parsed url   pathname: '/madrobby/zepto',
40 verbose parsed url   path: '/madrobby/zepto',
40 verbose parsed url   href: 'https://github.com/madrobby/zepto' }
41 verbose cache add name="qex-prism" spec="https://github.com/maetchkin/qex-prism" args=["qex-prism","https://github.com/maetchkin/qex-prism"]
42 verbose parsed url { protocol: 'https:',
42 verbose parsed url   slashes: true,
42 verbose parsed url   auth: null,
42 verbose parsed url   host: 'github.com',
42 verbose parsed url   port: null,
42 verbose parsed url   hostname: 'github.com',
42 verbose parsed url   hash: null,
42 verbose parsed url   search: null,
42 verbose parsed url   query: null,
42 verbose parsed url   pathname: '/maetchkin/qex-prism',
42 verbose parsed url   path: '/maetchkin/qex-prism',
42 verbose parsed url   href: 'https://github.com/maetchkin/qex-prism' }
43 verbose cache add name="backbone" spec="1.1.2" args=["backbone","1.1.2"]
44 verbose parsed url { protocol: null,
44 verbose parsed url   slashes: null,
44 verbose parsed url   auth: null,
44 verbose parsed url   host: null,
44 verbose parsed url   port: null,
44 verbose parsed url   hostname: null,
44 verbose parsed url   hash: null,
44 verbose parsed url   search: null,
44 verbose parsed url   query: null,
44 verbose parsed url   pathname: '1.1.2',
44 verbose parsed url   path: '1.1.2',
44 verbose parsed url   href: '1.1.2' }
45 verbose addNamed [ 'backbone', '1.1.2' ]
46 verbose addNamed [ '1.1.2', '1.1.2' ]
47 verbose cache add name="chai" spec="1.10.0" args=["chai","1.10.0"]
48 verbose parsed url { protocol: null,
48 verbose parsed url   slashes: null,
48 verbose parsed url   auth: null,
48 verbose parsed url   host: null,
48 verbose parsed url   port: null,
48 verbose parsed url   hostname: null,
48 verbose parsed url   hash: null,
48 verbose parsed url   search: null,
48 verbose parsed url   query: null,
48 verbose parsed url   pathname: '1.10.0',
48 verbose parsed url   path: '1.10.0',
48 verbose parsed url   href: '1.10.0' }
49 verbose addNamed [ 'chai', '1.10.0' ]
50 verbose addNamed [ '1.10.0', '1.10.0' ]
51 verbose cache add name="conkitty" spec="0.5.16" args=["conkitty","0.5.16"]
52 verbose parsed url { protocol: null,
52 verbose parsed url   slashes: null,
52 verbose parsed url   auth: null,
52 verbose parsed url   host: null,
52 verbose parsed url   port: null,
52 verbose parsed url   hostname: null,
52 verbose parsed url   hash: null,
52 verbose parsed url   search: null,
52 verbose parsed url   query: null,
52 verbose parsed url   pathname: '0.5.16',
52 verbose parsed url   path: '0.5.16',
52 verbose parsed url   href: '0.5.16' }
53 verbose addNamed [ 'conkitty', '0.5.16' ]
54 verbose addNamed [ '0.5.16', '0.5.16' ]
55 verbose cache add name="del" spec="0.1.3" args=["del","0.1.3"]
56 verbose parsed url { protocol: null,
56 verbose parsed url   slashes: null,
56 verbose parsed url   auth: null,
56 verbose parsed url   host: null,
56 verbose parsed url   port: null,
56 verbose parsed url   hostname: null,
56 verbose parsed url   hash: null,
56 verbose parsed url   search: null,
56 verbose parsed url   query: null,
56 verbose parsed url   pathname: '0.1.3',
56 verbose parsed url   path: '0.1.3',
56 verbose parsed url   href: '0.1.3' }
57 verbose addNamed [ 'del', '0.1.3' ]
58 verbose addNamed [ '0.1.3', '0.1.3' ]
59 verbose cache add name="gulp" spec="3.8.11" args=["gulp","3.8.11"]
60 verbose parsed url { protocol: null,
60 verbose parsed url   slashes: null,
60 verbose parsed url   auth: null,
60 verbose parsed url   host: null,
60 verbose parsed url   port: null,
60 verbose parsed url   hostname: null,
60 verbose parsed url   hash: null,
60 verbose parsed url   search: null,
60 verbose parsed url   query: null,
60 verbose parsed url   pathname: '3.8.11',
60 verbose parsed url   path: '3.8.11',
60 verbose parsed url   href: '3.8.11' }
61 verbose addNamed [ 'gulp', '3.8.11' ]
62 verbose addNamed [ '3.8.11', '3.8.11' ]
63 verbose cache add name="gulp-autoprefixer" spec="2.1.0" args=["gulp-autoprefixer","2.1.0"]
64 verbose parsed url { protocol: null,
64 verbose parsed url   slashes: null,
64 verbose parsed url   auth: null,
64 verbose parsed url   host: null,
64 verbose parsed url   port: null,
64 verbose parsed url   hostname: null,
64 verbose parsed url   hash: null,
64 verbose parsed url   search: null,
64 verbose parsed url   query: null,
64 verbose parsed url   pathname: '2.1.0',
64 verbose parsed url   path: '2.1.0',
64 verbose parsed url   href: '2.1.0' }
65 verbose addNamed [ 'gulp-autoprefixer', '2.1.0' ]
66 verbose addNamed [ '2.1.0', '2.1.0' ]
67 verbose cache add [ 'gulp-concat@2.4.1', null ]
68 verbose cache add name=undefined spec="gulp-concat@2.4.1" args=["gulp-concat@2.4.1",null]
69 verbose parsed url { protocol: null,
69 verbose parsed url   slashes: null,
69 verbose parsed url   auth: null,
69 verbose parsed url   host: null,
69 verbose parsed url   port: null,
69 verbose parsed url   hostname: null,
69 verbose parsed url   hash: null,
69 verbose parsed url   search: null,
69 verbose parsed url   query: null,
69 verbose parsed url   pathname: 'gulp-concat@2.4.1',
69 verbose parsed url   path: 'gulp-concat@2.4.1',
69 verbose parsed url   href: 'gulp-concat@2.4.1' }
70 verbose cache add [ 'gulp-conkitty@0.5.12', null ]
71 verbose cache add name=undefined spec="gulp-conkitty@0.5.12" args=["gulp-conkitty@0.5.12",null]
72 verbose parsed url { protocol: null,
72 verbose parsed url   slashes: null,
72 verbose parsed url   auth: null,
72 verbose parsed url   host: null,
72 verbose parsed url   port: null,
72 verbose parsed url   hostname: null,
72 verbose parsed url   hash: null,
72 verbose parsed url   search: null,
72 verbose parsed url   query: null,
72 verbose parsed url   pathname: 'gulp-conkitty@0.5.12',
72 verbose parsed url   path: 'gulp-conkitty@0.5.12',
72 verbose parsed url   href: 'gulp-conkitty@0.5.12' }
73 verbose cache add [ 'gulp-connect@2.0.6', null ]
74 verbose cache add name=undefined spec="gulp-connect@2.0.6" args=["gulp-connect@2.0.6",null]
75 verbose parsed url { protocol: null,
75 verbose parsed url   slashes: null,
75 verbose parsed url   auth: null,
75 verbose parsed url   host: null,
75 verbose parsed url   port: null,
75 verbose parsed url   hostname: null,
75 verbose parsed url   hash: null,
75 verbose parsed url   search: null,
75 verbose parsed url   query: null,
75 verbose parsed url   pathname: 'gulp-connect@2.0.6',
75 verbose parsed url   path: 'gulp-connect@2.0.6',
75 verbose parsed url   href: 'gulp-connect@2.0.6' }
76 verbose cache add [ 'gulp-eslint@0.1.8', null ]
77 verbose cache add name=undefined spec="gulp-eslint@0.1.8" args=["gulp-eslint@0.1.8",null]
78 verbose parsed url { protocol: null,
78 verbose parsed url   slashes: null,
78 verbose parsed url   auth: null,
78 verbose parsed url   host: null,
78 verbose parsed url   port: null,
78 verbose parsed url   hostname: null,
78 verbose parsed url   hash: null,
78 verbose parsed url   search: null,
78 verbose parsed url   query: null,
78 verbose parsed url   pathname: 'gulp-eslint@0.1.8',
78 verbose parsed url   path: 'gulp-eslint@0.1.8',
78 verbose parsed url   href: 'gulp-eslint@0.1.8' }
79 verbose cache add [ 'gulp-filter@1.0.2', null ]
80 verbose cache add name=undefined spec="gulp-filter@1.0.2" args=["gulp-filter@1.0.2",null]
81 verbose parsed url { protocol: null,
81 verbose parsed url   slashes: null,
81 verbose parsed url   auth: null,
81 verbose parsed url   host: null,
81 verbose parsed url   port: null,
81 verbose parsed url   hostname: null,
81 verbose parsed url   hash: null,
81 verbose parsed url   search: null,
81 verbose parsed url   query: null,
81 verbose parsed url   pathname: 'gulp-filter@1.0.2',
81 verbose parsed url   path: 'gulp-filter@1.0.2',
81 verbose parsed url   href: 'gulp-filter@1.0.2' }
82 verbose cache add [ 'gulp-less@1.3.6', null ]
83 verbose cache add name=undefined spec="gulp-less@1.3.6" args=["gulp-less@1.3.6",null]
84 verbose parsed url { protocol: null,
84 verbose parsed url   slashes: null,
84 verbose parsed url   auth: null,
84 verbose parsed url   host: null,
84 verbose parsed url   port: null,
84 verbose parsed url   hostname: null,
84 verbose parsed url   hash: null,
84 verbose parsed url   search: null,
84 verbose parsed url   query: null,
84 verbose parsed url   pathname: 'gulp-less@1.3.6',
84 verbose parsed url   path: 'gulp-less@1.3.6',
84 verbose parsed url   href: 'gulp-less@1.3.6' }
85 silly lockFile 5656e4f0-exoskeleton-0-7-0 exoskeleton@0.7.0
86 verbose lock exoskeleton@0.7.0 /Users/hypnos/.npm/5656e4f0-exoskeleton-0-7-0.lock
87 silly lockFile 4b12980f-https-github-com-madrobby-zepto https://github.com/madrobby/zepto
88 verbose lock https://github.com/madrobby/zepto /Users/hypnos/.npm/4b12980f-https-github-com-madrobby-zepto.lock
89 silly lockFile 935a72d1-s-github-com-maetchkin-qex-prism https://github.com/maetchkin/qex-prism
90 verbose lock https://github.com/maetchkin/qex-prism /Users/hypnos/.npm/935a72d1-s-github-com-maetchkin-qex-prism.lock
91 silly lockFile bd005187-backbone-1-1-2 backbone@1.1.2
92 verbose lock backbone@1.1.2 /Users/hypnos/.npm/bd005187-backbone-1-1-2.lock
93 silly lockFile 6724da50-chai-1-10-0 chai@1.10.0
94 verbose lock chai@1.10.0 /Users/hypnos/.npm/6724da50-chai-1-10-0.lock
95 silly lockFile b88f2ee5-conkitty-0-5-16 conkitty@0.5.16
96 verbose lock conkitty@0.5.16 /Users/hypnos/.npm/b88f2ee5-conkitty-0-5-16.lock
97 silly lockFile 6d26ea38-del-0-1-3 del@0.1.3
98 verbose lock del@0.1.3 /Users/hypnos/.npm/6d26ea38-del-0-1-3.lock
99 silly lockFile 3d31ec08-gulp-3-8-11 gulp@3.8.11
100 verbose lock gulp@3.8.11 /Users/hypnos/.npm/3d31ec08-gulp-3-8-11.lock
101 silly lockFile ccdf8bd0-gulp-autoprefixer-2-1-0 gulp-autoprefixer@2.1.0
102 verbose lock gulp-autoprefixer@2.1.0 /Users/hypnos/.npm/ccdf8bd0-gulp-autoprefixer-2-1-0.lock
103 verbose cache add name="gulp-concat" spec="2.4.1" args=["gulp-concat","2.4.1"]
104 verbose parsed url { protocol: null,
104 verbose parsed url   slashes: null,
104 verbose parsed url   auth: null,
104 verbose parsed url   host: null,
104 verbose parsed url   port: null,
104 verbose parsed url   hostname: null,
104 verbose parsed url   hash: null,
104 verbose parsed url   search: null,
104 verbose parsed url   query: null,
104 verbose parsed url   pathname: '2.4.1',
104 verbose parsed url   path: '2.4.1',
104 verbose parsed url   href: '2.4.1' }
105 verbose addNamed [ 'gulp-concat', '2.4.1' ]
106 verbose addNamed [ '2.4.1', '2.4.1' ]
107 silly lockFile 248ae42e-gulp-concat-2-4-1 gulp-concat@2.4.1
108 verbose lock gulp-concat@2.4.1 /Users/hypnos/.npm/248ae42e-gulp-concat-2-4-1.lock
109 verbose cache add name="gulp-conkitty" spec="0.5.12" args=["gulp-conkitty","0.5.12"]
110 verbose parsed url { protocol: null,
110 verbose parsed url   slashes: null,
110 verbose parsed url   auth: null,
110 verbose parsed url   host: null,
110 verbose parsed url   port: null,
110 verbose parsed url   hostname: null,
110 verbose parsed url   hash: null,
110 verbose parsed url   search: null,
110 verbose parsed url   query: null,
110 verbose parsed url   pathname: '0.5.12',
110 verbose parsed url   path: '0.5.12',
110 verbose parsed url   href: '0.5.12' }
111 verbose addNamed [ 'gulp-conkitty', '0.5.12' ]
112 verbose addNamed [ '0.5.12', '0.5.12' ]
113 silly lockFile eb1ffbd6-gulp-conkitty-0-5-12 gulp-conkitty@0.5.12
114 verbose lock gulp-conkitty@0.5.12 /Users/hypnos/.npm/eb1ffbd6-gulp-conkitty-0-5-12.lock
115 verbose cache add name="gulp-connect" spec="2.0.6" args=["gulp-connect","2.0.6"]
116 verbose parsed url { protocol: null,
116 verbose parsed url   slashes: null,
116 verbose parsed url   auth: null,
116 verbose parsed url   host: null,
116 verbose parsed url   port: null,
116 verbose parsed url   hostname: null,
116 verbose parsed url   hash: null,
116 verbose parsed url   search: null,
116 verbose parsed url   query: null,
116 verbose parsed url   pathname: '2.0.6',
116 verbose parsed url   path: '2.0.6',
116 verbose parsed url   href: '2.0.6' }
117 verbose addNamed [ 'gulp-connect', '2.0.6' ]
118 verbose addNamed [ '2.0.6', '2.0.6' ]
119 silly lockFile c3b45804-gulp-connect-2-0-6 gulp-connect@2.0.6
120 verbose lock gulp-connect@2.0.6 /Users/hypnos/.npm/c3b45804-gulp-connect-2-0-6.lock
121 verbose cache add name="gulp-eslint" spec="0.1.8" args=["gulp-eslint","0.1.8"]
122 verbose parsed url { protocol: null,
122 verbose parsed url   slashes: null,
122 verbose parsed url   auth: null,
122 verbose parsed url   host: null,
122 verbose parsed url   port: null,
122 verbose parsed url   hostname: null,
122 verbose parsed url   hash: null,
122 verbose parsed url   search: null,
122 verbose parsed url   query: null,
122 verbose parsed url   pathname: '0.1.8',
122 verbose parsed url   path: '0.1.8',
122 verbose parsed url   href: '0.1.8' }
123 verbose addNamed [ 'gulp-eslint', '0.1.8' ]
124 verbose addNamed [ '0.1.8', '0.1.8' ]
125 silly lockFile fb5dbd1f-gulp-eslint-0-1-8 gulp-eslint@0.1.8
126 verbose lock gulp-eslint@0.1.8 /Users/hypnos/.npm/fb5dbd1f-gulp-eslint-0-1-8.lock
127 verbose cache add name="gulp-filter" spec="1.0.2" args=["gulp-filter","1.0.2"]
128 verbose parsed url { protocol: null,
128 verbose parsed url   slashes: null,
128 verbose parsed url   auth: null,
128 verbose parsed url   host: null,
128 verbose parsed url   port: null,
128 verbose parsed url   hostname: null,
128 verbose parsed url   hash: null,
128 verbose parsed url   search: null,
128 verbose parsed url   query: null,
128 verbose parsed url   pathname: '1.0.2',
128 verbose parsed url   path: '1.0.2',
128 verbose parsed url   href: '1.0.2' }
129 verbose addNamed [ 'gulp-filter', '1.0.2' ]
130 verbose addNamed [ '1.0.2', '1.0.2' ]
131 silly lockFile c3454c8d-gulp-filter-1-0-2 gulp-filter@1.0.2
132 verbose lock gulp-filter@1.0.2 /Users/hypnos/.npm/c3454c8d-gulp-filter-1-0-2.lock
133 verbose cache add name="gulp-less" spec="1.3.6" args=["gulp-less","1.3.6"]
134 verbose parsed url { protocol: null,
134 verbose parsed url   slashes: null,
134 verbose parsed url   auth: null,
134 verbose parsed url   host: null,
134 verbose parsed url   port: null,
134 verbose parsed url   hostname: null,
134 verbose parsed url   hash: null,
134 verbose parsed url   search: null,
134 verbose parsed url   query: null,
134 verbose parsed url   pathname: '1.3.6',
134 verbose parsed url   path: '1.3.6',
134 verbose parsed url   href: '1.3.6' }
135 verbose addNamed [ 'gulp-less', '1.3.6' ]
136 verbose addNamed [ '1.3.6', '1.3.6' ]
137 silly lockFile 244926f4-gulp-less-1-3-6 gulp-less@1.3.6
138 verbose lock gulp-less@1.3.6 /Users/hypnos/.npm/244926f4-gulp-less-1-3-6.lock
139 verbose cache add [ 'gulp-mocha-phantomjs@0.5.3', null ]
140 verbose cache add name=undefined spec="gulp-mocha-phantomjs@0.5.3" args=["gulp-mocha-phantomjs@0.5.3",null]
141 verbose parsed url { protocol: null,
141 verbose parsed url   slashes: null,
141 verbose parsed url   auth: null,
141 verbose parsed url   host: null,
141 verbose parsed url   port: null,
141 verbose parsed url   hostname: null,
141 verbose parsed url   hash: null,
141 verbose parsed url   search: null,
141 verbose parsed url   query: null,
141 verbose parsed url   pathname: 'gulp-mocha-phantomjs@0.5.3',
141 verbose parsed url   path: 'gulp-mocha-phantomjs@0.5.3',
141 verbose parsed url   href: 'gulp-mocha-phantomjs@0.5.3' }
142 verbose cache add [ 'gulp-rename@1.2.0', null ]
143 verbose cache add name=undefined spec="gulp-rename@1.2.0" args=["gulp-rename@1.2.0",null]
144 verbose parsed url { protocol: null,
144 verbose parsed url   slashes: null,
144 verbose parsed url   auth: null,
144 verbose parsed url   host: null,
144 verbose parsed url   port: null,
144 verbose parsed url   hostname: null,
144 verbose parsed url   hash: null,
144 verbose parsed url   search: null,
144 verbose parsed url   query: null,
144 verbose parsed url   pathname: 'gulp-rename@1.2.0',
144 verbose parsed url   path: 'gulp-rename@1.2.0',
144 verbose parsed url   href: 'gulp-rename@1.2.0' }
145 verbose cache add [ 'gulp-uglify@1.0.1', null ]
146 verbose cache add name=undefined spec="gulp-uglify@1.0.1" args=["gulp-uglify@1.0.1",null]
147 verbose parsed url { protocol: null,
147 verbose parsed url   slashes: null,
147 verbose parsed url   auth: null,
147 verbose parsed url   host: null,
147 verbose parsed url   port: null,
147 verbose parsed url   hostname: null,
147 verbose parsed url   hash: null,
147 verbose parsed url   search: null,
147 verbose parsed url   query: null,
147 verbose parsed url   pathname: 'gulp-uglify@1.0.1',
147 verbose parsed url   path: 'gulp-uglify@1.0.1',
147 verbose parsed url   href: 'gulp-uglify@1.0.1' }
148 verbose cache add [ 'gulp-util@3.0.1', null ]
149 verbose cache add name=undefined spec="gulp-util@3.0.1" args=["gulp-util@3.0.1",null]
150 verbose parsed url { protocol: null,
150 verbose parsed url   slashes: null,
150 verbose parsed url   auth: null,
150 verbose parsed url   host: null,
150 verbose parsed url   port: null,
150 verbose parsed url   hostname: null,
150 verbose parsed url   hash: null,
150 verbose parsed url   search: null,
150 verbose parsed url   query: null,
150 verbose parsed url   pathname: 'gulp-util@3.0.1',
150 verbose parsed url   path: 'gulp-util@3.0.1',
150 verbose parsed url   href: 'gulp-util@3.0.1' }
151 verbose cache add [ 'gulp-wrapper@0.1.5', null ]
152 verbose cache add name=undefined spec="gulp-wrapper@0.1.5" args=["gulp-wrapper@0.1.5",null]
153 verbose parsed url { protocol: null,
153 verbose parsed url   slashes: null,
153 verbose parsed url   auth: null,
153 verbose parsed url   host: null,
153 verbose parsed url   port: null,
153 verbose parsed url   hostname: null,
153 verbose parsed url   hash: null,
153 verbose parsed url   search: null,
153 verbose parsed url   query: null,
153 verbose parsed url   pathname: 'gulp-wrapper@0.1.5',
153 verbose parsed url   path: 'gulp-wrapper@0.1.5',
153 verbose parsed url   href: 'gulp-wrapper@0.1.5' }
154 verbose cache add [ 'jquery@2.1.3', null ]
155 verbose cache add name=undefined spec="jquery@2.1.3" args=["jquery@2.1.3",null]
156 verbose parsed url { protocol: null,
156 verbose parsed url   slashes: null,
156 verbose parsed url   auth: null,
156 verbose parsed url   host: null,
156 verbose parsed url   port: null,
156 verbose parsed url   hostname: null,
156 verbose parsed url   hash: null,
156 verbose parsed url   search: null,
156 verbose parsed url   query: null,
156 verbose parsed url   pathname: 'jquery@2.1.3',
156 verbose parsed url   path: 'jquery@2.1.3',
156 verbose parsed url   href: 'jquery@2.1.3' }
157 verbose cache add [ 'mocha@2.1.0', null ]
158 verbose cache add name=undefined spec="mocha@2.1.0" args=["mocha@2.1.0",null]
159 verbose parsed url { protocol: null,
159 verbose parsed url   slashes: null,
159 verbose parsed url   auth: null,
159 verbose parsed url   host: null,
159 verbose parsed url   port: null,
159 verbose parsed url   hostname: null,
159 verbose parsed url   hash: null,
159 verbose parsed url   search: null,
159 verbose parsed url   query: null,
159 verbose parsed url   pathname: 'mocha@2.1.0',
159 verbose parsed url   path: 'mocha@2.1.0',
159 verbose parsed url   href: 'mocha@2.1.0' }
160 verbose cache add [ 'sinon@1.14.1', null ]
161 verbose cache add name=undefined spec="sinon@1.14.1" args=["sinon@1.14.1",null]
162 verbose parsed url { protocol: null,
162 verbose parsed url   slashes: null,
162 verbose parsed url   auth: null,
162 verbose parsed url   host: null,
162 verbose parsed url   port: null,
162 verbose parsed url   hostname: null,
162 verbose parsed url   hash: null,
162 verbose parsed url   search: null,
162 verbose parsed url   query: null,
162 verbose parsed url   pathname: 'sinon@1.14.1',
162 verbose parsed url   path: 'sinon@1.14.1',
162 verbose parsed url   href: 'sinon@1.14.1' }
163 verbose cache add [ 'through2@0.6.3', null ]
164 verbose cache add name=undefined spec="through2@0.6.3" args=["through2@0.6.3",null]
165 verbose parsed url { protocol: null,
165 verbose parsed url   slashes: null,
165 verbose parsed url   auth: null,
165 verbose parsed url   host: null,
165 verbose parsed url   port: null,
165 verbose parsed url   hostname: null,
165 verbose parsed url   hash: null,
165 verbose parsed url   search: null,
165 verbose parsed url   query: null,
165 verbose parsed url   pathname: 'through2@0.6.3',
165 verbose parsed url   path: 'through2@0.6.3',
165 verbose parsed url   href: 'through2@0.6.3' }
166 verbose cache add [ 'yargs@3.6.0', null ]
167 verbose cache add name=undefined spec="yargs@3.6.0" args=["yargs@3.6.0",null]
168 verbose parsed url { protocol: null,
168 verbose parsed url   slashes: null,
168 verbose parsed url   auth: null,
168 verbose parsed url   host: null,
168 verbose parsed url   port: null,
168 verbose parsed url   hostname: null,
168 verbose parsed url   hash: null,
168 verbose parsed url   search: null,
168 verbose parsed url   query: null,
168 verbose parsed url   pathname: 'yargs@3.6.0',
168 verbose parsed url   path: 'yargs@3.6.0',
168 verbose parsed url   href: 'yargs@3.6.0' }
169 verbose cache add name="gulp-mocha-phantomjs" spec="0.5.3" args=["gulp-mocha-phantomjs","0.5.3"]
170 verbose parsed url { protocol: null,
170 verbose parsed url   slashes: null,
170 verbose parsed url   auth: null,
170 verbose parsed url   host: null,
170 verbose parsed url   port: null,
170 verbose parsed url   hostname: null,
170 verbose parsed url   hash: null,
170 verbose parsed url   search: null,
170 verbose parsed url   query: null,
170 verbose parsed url   pathname: '0.5.3',
170 verbose parsed url   path: '0.5.3',
170 verbose parsed url   href: '0.5.3' }
171 verbose addNamed [ 'gulp-mocha-phantomjs', '0.5.3' ]
172 verbose addNamed [ '0.5.3', '0.5.3' ]
173 silly lockFile 65a22ac5-gulp-mocha-phantomjs-0-5-3 gulp-mocha-phantomjs@0.5.3
174 verbose lock gulp-mocha-phantomjs@0.5.3 /Users/hypnos/.npm/65a22ac5-gulp-mocha-phantomjs-0-5-3.lock
175 verbose cache add name="gulp-rename" spec="1.2.0" args=["gulp-rename","1.2.0"]
176 verbose parsed url { protocol: null,
176 verbose parsed url   slashes: null,
176 verbose parsed url   auth: null,
176 verbose parsed url   host: null,
176 verbose parsed url   port: null,
176 verbose parsed url   hostname: null,
176 verbose parsed url   hash: null,
176 verbose parsed url   search: null,
176 verbose parsed url   query: null,
176 verbose parsed url   pathname: '1.2.0',
176 verbose parsed url   path: '1.2.0',
176 verbose parsed url   href: '1.2.0' }
177 verbose addNamed [ 'gulp-rename', '1.2.0' ]
178 verbose addNamed [ '1.2.0', '1.2.0' ]
179 silly lockFile 5981c611-gulp-rename-1-2-0 gulp-rename@1.2.0
180 verbose lock gulp-rename@1.2.0 /Users/hypnos/.npm/5981c611-gulp-rename-1-2-0.lock
181 verbose cache add name="gulp-uglify" spec="1.0.1" args=["gulp-uglify","1.0.1"]
182 verbose parsed url { protocol: null,
182 verbose parsed url   slashes: null,
182 verbose parsed url   auth: null,
182 verbose parsed url   host: null,
182 verbose parsed url   port: null,
182 verbose parsed url   hostname: null,
182 verbose parsed url   hash: null,
182 verbose parsed url   search: null,
182 verbose parsed url   query: null,
182 verbose parsed url   pathname: '1.0.1',
182 verbose parsed url   path: '1.0.1',
182 verbose parsed url   href: '1.0.1' }
183 verbose addNamed [ 'gulp-uglify', '1.0.1' ]
184 verbose addNamed [ '1.0.1', '1.0.1' ]
185 silly lockFile cef7c707-gulp-uglify-1-0-1 gulp-uglify@1.0.1
186 verbose lock gulp-uglify@1.0.1 /Users/hypnos/.npm/cef7c707-gulp-uglify-1-0-1.lock
187 verbose cache add name="gulp-util" spec="3.0.1" args=["gulp-util","3.0.1"]
188 verbose parsed url { protocol: null,
188 verbose parsed url   slashes: null,
188 verbose parsed url   auth: null,
188 verbose parsed url   host: null,
188 verbose parsed url   port: null,
188 verbose parsed url   hostname: null,
188 verbose parsed url   hash: null,
188 verbose parsed url   search: null,
188 verbose parsed url   query: null,
188 verbose parsed url   pathname: '3.0.1',
188 verbose parsed url   path: '3.0.1',
188 verbose parsed url   href: '3.0.1' }
189 verbose addNamed [ 'gulp-util', '3.0.1' ]
190 verbose addNamed [ '3.0.1', '3.0.1' ]
191 silly lockFile ea8d3cdd-gulp-util-3-0-1 gulp-util@3.0.1
192 verbose lock gulp-util@3.0.1 /Users/hypnos/.npm/ea8d3cdd-gulp-util-3-0-1.lock
193 verbose cache add name="gulp-wrapper" spec="0.1.5" args=["gulp-wrapper","0.1.5"]
194 verbose parsed url { protocol: null,
194 verbose parsed url   slashes: null,
194 verbose parsed url   auth: null,
194 verbose parsed url   host: null,
194 verbose parsed url   port: null,
194 verbose parsed url   hostname: null,
194 verbose parsed url   hash: null,
194 verbose parsed url   search: null,
194 verbose parsed url   query: null,
194 verbose parsed url   pathname: '0.1.5',
194 verbose parsed url   path: '0.1.5',
194 verbose parsed url   href: '0.1.5' }
195 verbose addNamed [ 'gulp-wrapper', '0.1.5' ]
196 verbose addNamed [ '0.1.5', '0.1.5' ]
197 silly lockFile bb945b10-gulp-wrapper-0-1-5 gulp-wrapper@0.1.5
198 verbose lock gulp-wrapper@0.1.5 /Users/hypnos/.npm/bb945b10-gulp-wrapper-0-1-5.lock
199 verbose cache add name="jquery" spec="2.1.3" args=["jquery","2.1.3"]
200 verbose parsed url { protocol: null,
200 verbose parsed url   slashes: null,
200 verbose parsed url   auth: null,
200 verbose parsed url   host: null,
200 verbose parsed url   port: null,
200 verbose parsed url   hostname: null,
200 verbose parsed url   hash: null,
200 verbose parsed url   search: null,
200 verbose parsed url   query: null,
200 verbose parsed url   pathname: '2.1.3',
200 verbose parsed url   path: '2.1.3',
200 verbose parsed url   href: '2.1.3' }
201 verbose addNamed [ 'jquery', '2.1.3' ]
202 verbose addNamed [ '2.1.3', '2.1.3' ]
203 silly lockFile 6fbd5787-jquery-2-1-3 jquery@2.1.3
204 verbose lock jquery@2.1.3 /Users/hypnos/.npm/6fbd5787-jquery-2-1-3.lock
205 verbose cache add name="mocha" spec="2.1.0" args=["mocha","2.1.0"]
206 verbose parsed url { protocol: null,
206 verbose parsed url   slashes: null,
206 verbose parsed url   auth: null,
206 verbose parsed url   host: null,
206 verbose parsed url   port: null,
206 verbose parsed url   hostname: null,
206 verbose parsed url   hash: null,
206 verbose parsed url   search: null,
206 verbose parsed url   query: null,
206 verbose parsed url   pathname: '2.1.0',
206 verbose parsed url   path: '2.1.0',
206 verbose parsed url   href: '2.1.0' }
207 verbose addNamed [ 'mocha', '2.1.0' ]
208 verbose addNamed [ '2.1.0', '2.1.0' ]
209 silly lockFile f9a4f261-mocha-2-1-0 mocha@2.1.0
210 verbose lock mocha@2.1.0 /Users/hypnos/.npm/f9a4f261-mocha-2-1-0.lock
211 verbose cache add name="sinon" spec="1.14.1" args=["sinon","1.14.1"]
212 verbose parsed url { protocol: null,
212 verbose parsed url   slashes: null,
212 verbose parsed url   auth: null,
212 verbose parsed url   host: null,
212 verbose parsed url   port: null,
212 verbose parsed url   hostname: null,
212 verbose parsed url   hash: null,
212 verbose parsed url   search: null,
212 verbose parsed url   query: null,
212 verbose parsed url   pathname: '1.14.1',
212 verbose parsed url   path: '1.14.1',
212 verbose parsed url   href: '1.14.1' }
213 verbose addNamed [ 'sinon', '1.14.1' ]
214 verbose addNamed [ '1.14.1', '1.14.1' ]
215 silly lockFile 47873d1f-sinon-1-14-1 sinon@1.14.1
216 verbose lock sinon@1.14.1 /Users/hypnos/.npm/47873d1f-sinon-1-14-1.lock
217 verbose cache add name="through2" spec="0.6.3" args=["through2","0.6.3"]
218 verbose parsed url { protocol: null,
218 verbose parsed url   slashes: null,
218 verbose parsed url   auth: null,
218 verbose parsed url   host: null,
218 verbose parsed url   port: null,
218 verbose parsed url   hostname: null,
218 verbose parsed url   hash: null,
218 verbose parsed url   search: null,
218 verbose parsed url   query: null,
218 verbose parsed url   pathname: '0.6.3',
218 verbose parsed url   path: '0.6.3',
218 verbose parsed url   href: '0.6.3' }
219 verbose addNamed [ 'through2', '0.6.3' ]
220 verbose addNamed [ '0.6.3', '0.6.3' ]
221 silly lockFile 2a56946f-through2-0-6-3 through2@0.6.3
222 verbose lock through2@0.6.3 /Users/hypnos/.npm/2a56946f-through2-0-6-3.lock
223 verbose cache add name="yargs" spec="3.6.0" args=["yargs","3.6.0"]
224 verbose parsed url { protocol: null,
224 verbose parsed url   slashes: null,
224 verbose parsed url   auth: null,
224 verbose parsed url   host: null,
224 verbose parsed url   port: null,
224 verbose parsed url   hostname: null,
224 verbose parsed url   hash: null,
224 verbose parsed url   search: null,
224 verbose parsed url   query: null,
224 verbose parsed url   pathname: '3.6.0',
224 verbose parsed url   path: '3.6.0',
224 verbose parsed url   href: '3.6.0' }
225 verbose addNamed [ 'yargs', '3.6.0' ]
226 verbose addNamed [ '3.6.0', '3.6.0' ]
227 silly lockFile be814088-yargs-3-6-0 yargs@3.6.0
228 verbose lock yargs@3.6.0 /Users/hypnos/.npm/be814088-yargs-3-6-0.lock
229 verbose cache add [ 'glob@4.0.6', null ]
230 verbose cache add name=undefined spec="glob@4.0.6" args=["glob@4.0.6",null]
231 verbose parsed url { protocol: null,
231 verbose parsed url   slashes: null,
231 verbose parsed url   auth: null,
231 verbose parsed url   host: null,
231 verbose parsed url   port: null,
231 verbose parsed url   hostname: null,
231 verbose parsed url   hash: null,
231 verbose parsed url   search: null,
231 verbose parsed url   query: null,
231 verbose parsed url   pathname: 'glob@4.0.6',
231 verbose parsed url   path: 'glob@4.0.6',
231 verbose parsed url   href: 'glob@4.0.6' }
232 verbose addRemoteTarball [ 'https://github.com/madrobby/zepto', null ]
233 verbose addRemoteTarball [ 'https://github.com/maetchkin/qex-prism', null ]
234 verbose cache add name="glob" spec="4.0.6" args=["glob","4.0.6"]
235 verbose parsed url { protocol: null,
235 verbose parsed url   slashes: null,
235 verbose parsed url   auth: null,
235 verbose parsed url   host: null,
235 verbose parsed url   port: null,
235 verbose parsed url   hostname: null,
235 verbose parsed url   hash: null,
235 verbose parsed url   search: null,
235 verbose parsed url   query: null,
235 verbose parsed url   pathname: '4.0.6',
235 verbose parsed url   path: '4.0.6',
235 verbose parsed url   href: '4.0.6' }
236 verbose addNamed [ 'glob', '4.0.6' ]
237 verbose addNamed [ '4.0.6', '4.0.6' ]
238 silly lockFile 82561750-glob-4-0-6 glob@4.0.6
239 verbose lock glob@4.0.6 /Users/hypnos/.npm/82561750-glob-4-0-6.lock
240 info retry fetch attempt 1 at 15:21:05
241 verbose fetch to= /tmp/npm-52126-yx8mqIJk/github.com/madrobby/zepto
242 verbose request where is /exoskeleton
243 verbose request registry https://registry.npmjs.org/
244 verbose request id f8cc5a7fbaeadc06
245 verbose url raw /exoskeleton
246 verbose url resolving [ 'https://registry.npmjs.org/', './exoskeleton' ]
247 verbose url resolved https://registry.npmjs.org/exoskeleton
248 verbose request where is https://registry.npmjs.org/exoskeleton
249 info trying registry request attempt 1 at 15:21:05
250 verbose etag "2EPJBQGAUMSNDG5VCUPK0TT6"
251 http GET https://registry.npmjs.org/exoskeleton
252 verbose request where is /backbone
253 verbose request registry https://registry.npmjs.org/
254 verbose url raw /backbone
255 verbose url resolving [ 'https://registry.npmjs.org/', './backbone' ]
256 verbose url resolved https://registry.npmjs.org/backbone
257 verbose request where is https://registry.npmjs.org/backbone
258 info trying registry request attempt 1 at 15:21:05
259 verbose etag "4SCEGZPEQ80NYPZJ15XZQEEJG"
260 http GET https://registry.npmjs.org/backbone
261 verbose request where is /chai
262 verbose request registry https://registry.npmjs.org/
263 verbose url raw /chai
264 verbose url resolving [ 'https://registry.npmjs.org/', './chai' ]
265 verbose url resolved https://registry.npmjs.org/chai
266 verbose request where is https://registry.npmjs.org/chai
267 info trying registry request attempt 1 at 15:21:05
268 verbose etag "5ZKEFYM6HR7EAL8PF5VR5LCYA"
269 http GET https://registry.npmjs.org/chai
270 verbose request where is /conkitty
271 verbose request registry https://registry.npmjs.org/
272 verbose url raw /conkitty
273 verbose url resolving [ 'https://registry.npmjs.org/', './conkitty' ]
274 verbose url resolved https://registry.npmjs.org/conkitty
275 verbose request where is https://registry.npmjs.org/conkitty
276 info trying registry request attempt 1 at 15:21:05
277 verbose etag "6WYEVPASC87BK97TQQWWW3G9M"
278 http GET https://registry.npmjs.org/conkitty
279 verbose request where is /del
280 verbose request registry https://registry.npmjs.org/
281 verbose url raw /del
282 verbose url resolving [ 'https://registry.npmjs.org/', './del' ]
283 verbose url resolved https://registry.npmjs.org/del
284 verbose request where is https://registry.npmjs.org/del
285 info trying registry request attempt 1 at 15:21:05
286 verbose etag "AAW6S9CIQNJZR6RXCOOPTG6GZ"
287 http GET https://registry.npmjs.org/del
288 verbose request where is /gulp-autoprefixer
289 verbose request registry https://registry.npmjs.org/
290 verbose url raw /gulp-autoprefixer
291 verbose url resolving [ 'https://registry.npmjs.org/', './gulp-autoprefixer' ]
292 verbose url resolved https://registry.npmjs.org/gulp-autoprefixer
293 verbose request where is https://registry.npmjs.org/gulp-autoprefixer
294 info trying registry request attempt 1 at 15:21:05
295 verbose etag "4SITGKLNB60MQXCYLFZRQ2F77"
296 http GET https://registry.npmjs.org/gulp-autoprefixer
297 verbose request where is /gulp-conkitty
298 verbose request registry https://registry.npmjs.org/
299 verbose url raw /gulp-conkitty
300 verbose url resolving [ 'https://registry.npmjs.org/', './gulp-conkitty' ]
301 verbose url resolved https://registry.npmjs.org/gulp-conkitty
302 verbose request where is https://registry.npmjs.org/gulp-conkitty
303 info trying registry request attempt 1 at 15:21:05
304 verbose etag "ZL4QIG8120S19ABKFGNW0ZYX"
305 http GET https://registry.npmjs.org/gulp-conkitty
306 verbose request where is /gulp
307 verbose request registry https://registry.npmjs.org/
308 verbose url raw /gulp
309 verbose url resolving [ 'https://registry.npmjs.org/', './gulp' ]
310 verbose url resolved https://registry.npmjs.org/gulp
311 verbose request where is https://registry.npmjs.org/gulp
312 info trying registry request attempt 1 at 15:21:05
313 verbose etag "C11LLG6GKCZMFHVB0LOQCYEKO"
314 http GET https://registry.npmjs.org/gulp
315 verbose request where is /gulp-connect
316 verbose request registry https://registry.npmjs.org/
317 verbose url raw /gulp-connect
318 verbose url resolving [ 'https://registry.npmjs.org/', './gulp-connect' ]
319 verbose url resolved https://registry.npmjs.org/gulp-connect
320 verbose request where is https://registry.npmjs.org/gulp-connect
321 info trying registry request attempt 1 at 15:21:05
322 verbose etag "BG9LOJDCXXXXDV6P92EI5P6EE"
323 http GET https://registry.npmjs.org/gulp-connect
324 verbose request where is /gulp-concat
325 verbose request registry https://registry.npmjs.org/
326 verbose url raw /gulp-concat
327 verbose url resolving [ 'https://registry.npmjs.org/', './gulp-concat' ]
328 verbose url resolved https://registry.npmjs.org/gulp-concat
329 verbose request where is https://registry.npmjs.org/gulp-concat
330 info trying registry request attempt 1 at 15:21:05
331 verbose etag "4XYY6R0D424039BA6H8EHRLBC"
332 http GET https://registry.npmjs.org/gulp-concat
333 verbose request where is /gulp-filter
334 verbose request registry https://registry.npmjs.org/
335 verbose url raw /gulp-filter
336 verbose url resolving [ 'https://registry.npmjs.org/', './gulp-filter' ]
337 verbose url resolved https://registry.npmjs.org/gulp-filter
338 verbose request where is https://registry.npmjs.org/gulp-filter
339 info trying registry request attempt 1 at 15:21:05
340 verbose etag "CXDNVOW3PCOZG1JMSA4CBMCBJ"
341 http GET https://registry.npmjs.org/gulp-filter
342 verbose request where is /gulp-eslint
343 verbose request registry https://registry.npmjs.org/
344 verbose url raw /gulp-eslint
345 verbose url resolving [ 'https://registry.npmjs.org/', './gulp-eslint' ]
346 verbose url resolved https://registry.npmjs.org/gulp-eslint
347 verbose request where is https://registry.npmjs.org/gulp-eslint
348 info trying registry request attempt 1 at 15:21:05
349 verbose etag "1MVX45KE53EIKT1DA5OZSU4HL"
350 http GET https://registry.npmjs.org/gulp-eslint
351 verbose request where is /gulp-less
352 verbose request registry https://registry.npmjs.org/
353 verbose url raw /gulp-less
354 verbose url resolving [ 'https://registry.npmjs.org/', './gulp-less' ]
355 verbose url resolved https://registry.npmjs.org/gulp-less
356 verbose request where is https://registry.npmjs.org/gulp-less
357 info trying registry request attempt 1 at 15:21:05
358 verbose etag "6TP8DU4R0QBLV49CNHCJD2IXV"
359 http GET https://registry.npmjs.org/gulp-less
360 verbose request where is /gulp-rename
361 verbose request registry https://registry.npmjs.org/
362 verbose url raw /gulp-rename
363 verbose url resolving [ 'https://registry.npmjs.org/', './gulp-rename' ]
364 verbose url resolved https://registry.npmjs.org/gulp-rename
365 verbose request where is https://registry.npmjs.org/gulp-rename
366 info trying registry request attempt 1 at 15:21:05
367 verbose etag "DTQPJDW3PDYSM3W8Z87DVZVGD"
368 http GET https://registry.npmjs.org/gulp-rename
369 verbose request where is /gulp-uglify
370 verbose request registry https://registry.npmjs.org/
371 verbose url raw /gulp-uglify
372 verbose url resolving [ 'https://registry.npmjs.org/', './gulp-uglify' ]
373 verbose url resolved https://registry.npmjs.org/gulp-uglify
374 verbose request where is https://registry.npmjs.org/gulp-uglify
375 info trying registry request attempt 1 at 15:21:05
376 verbose etag "1RJVP9MZFETQR2Q41G2HAHLKX"
377 http GET https://registry.npmjs.org/gulp-uglify
378 verbose request where is /gulp-wrapper
379 verbose request registry https://registry.npmjs.org/
380 verbose url raw /gulp-wrapper
381 verbose url resolving [ 'https://registry.npmjs.org/', './gulp-wrapper' ]
382 verbose url resolved https://registry.npmjs.org/gulp-wrapper
383 verbose request where is https://registry.npmjs.org/gulp-wrapper
384 info trying registry request attempt 1 at 15:21:05
385 verbose etag "1K3W1OUZKD3M4W73QZHLMR9ET"
386 http GET https://registry.npmjs.org/gulp-wrapper
387 verbose request where is /jquery
388 verbose request registry https://registry.npmjs.org/
389 verbose url raw /jquery
390 verbose url resolving [ 'https://registry.npmjs.org/', './jquery' ]
391 verbose url resolved https://registry.npmjs.org/jquery
392 verbose request where is https://registry.npmjs.org/jquery
393 info trying registry request attempt 1 at 15:21:05
394 verbose etag "9W35B90ZLRLQT7T1JKPMK9N6"
395 http GET https://registry.npmjs.org/jquery
396 verbose request where is /mocha
397 verbose request registry https://registry.npmjs.org/
398 verbose url raw /mocha
399 verbose url resolving [ 'https://registry.npmjs.org/', './mocha' ]
400 verbose url resolved https://registry.npmjs.org/mocha
401 verbose request where is https://registry.npmjs.org/mocha
402 info trying registry request attempt 1 at 15:21:05
403 verbose etag "Q2WZPU2U9AJBHN50T95029I5"
404 http GET https://registry.npmjs.org/mocha
405 verbose request where is /gulp-mocha-phantomjs
406 verbose request registry https://registry.npmjs.org/
407 verbose url raw /gulp-mocha-phantomjs
408 verbose url resolving [ 'https://registry.npmjs.org/', './gulp-mocha-phantomjs' ]
409 verbose url resolved https://registry.npmjs.org/gulp-mocha-phantomjs
410 verbose request where is https://registry.npmjs.org/gulp-mocha-phantomjs
411 info trying registry request attempt 1 at 15:21:05
412 verbose etag "9D4QU1VAJQY7GMHTNGNW4OR3Z"
413 http GET https://registry.npmjs.org/gulp-mocha-phantomjs
414 verbose request where is /sinon
415 verbose request registry https://registry.npmjs.org/
416 verbose url raw /sinon
417 verbose url resolving [ 'https://registry.npmjs.org/', './sinon' ]
418 verbose url resolved https://registry.npmjs.org/sinon
419 verbose request where is https://registry.npmjs.org/sinon
420 info trying registry request attempt 1 at 15:21:05
421 verbose etag "C7KZZWSJ7C7OWDFWR55YHV1J1"
422 http GET https://registry.npmjs.org/sinon
423 verbose request where is /through2
424 verbose request registry https://registry.npmjs.org/
425 verbose url raw /through2
426 verbose url resolving [ 'https://registry.npmjs.org/', './through2' ]
427 verbose url resolved https://registry.npmjs.org/through2
428 verbose request where is https://registry.npmjs.org/through2
429 info trying registry request attempt 1 at 15:21:05
430 verbose etag "AEW2CAWA6S4CSLYZ8CNHYU9N7"
431 http GET https://registry.npmjs.org/through2
432 http GET https://github.com/madrobby/zepto
433 verbose request where is /yargs
434 verbose request registry https://registry.npmjs.org/
435 verbose url raw /yargs
436 verbose url resolving [ 'https://registry.npmjs.org/', './yargs' ]
437 verbose url resolved https://registry.npmjs.org/yargs
438 verbose request where is https://registry.npmjs.org/yargs
439 info trying registry request attempt 1 at 15:21:05
440 verbose etag "70KWO1II5MVYLDVBPSE35CSO"
441 http GET https://registry.npmjs.org/yargs
442 info retry fetch attempt 1 at 15:21:05
443 verbose fetch to= /tmp/npm-52126-yx8mqIJk/github.com/maetchkin/qex-prism
444 verbose request where is /gulp-util
445 verbose request registry https://registry.npmjs.org/
446 verbose url raw /gulp-util
447 verbose url resolving [ 'https://registry.npmjs.org/', './gulp-util' ]
448 verbose url resolved https://registry.npmjs.org/gulp-util
449 verbose request where is https://registry.npmjs.org/gulp-util
450 info trying registry request attempt 1 at 15:21:05
451 verbose etag "6K3SGVFQURTJ2LJZLG6E2GVIC"
452 http GET https://registry.npmjs.org/gulp-util
453 verbose request where is /glob
454 verbose request registry https://registry.npmjs.org/
455 verbose url raw /glob
456 verbose url resolving [ 'https://registry.npmjs.org/', './glob' ]
457 verbose url resolved https://registry.npmjs.org/glob
458 verbose request where is https://registry.npmjs.org/glob
459 info trying registry request attempt 1 at 15:21:05
460 verbose etag "23LRML2XK9MJY4RZ00E537LMI"
461 http GET https://registry.npmjs.org/glob
462 http GET https://github.com/maetchkin/qex-prism
463 http 304 https://registry.npmjs.org/chai
464 silly registry.get cb [ 304,
464 silly registry.get   { date: 'Tue, 12 May 2015 12:21:05 GMT',
464 silly registry.get     via: '1.1 varnish',
464 silly registry.get     'cache-control': 'max-age=60',
464 silly registry.get     etag: '"5ZKEFYM6HR7EAL8PF5VR5LCYA"',
464 silly registry.get     age: '10',
464 silly registry.get     connection: 'keep-alive',
464 silly registry.get     'x-served-by': 'cache-fra1246-FRA',
464 silly registry.get     'x-cache': 'HIT',
464 silly registry.get     'x-cache-hits': '1',
464 silly registry.get     'x-timer': 'S1431433265.972658,VS0,VE0',
464 silly registry.get     vary: 'Accept' } ]
465 verbose etag https://registry.npmjs.org/chai from cache
466 http 304 https://registry.npmjs.org/conkitty
467 silly registry.get cb [ 304,
467 silly registry.get   { date: 'Tue, 12 May 2015 12:21:05 GMT',
467 silly registry.get     via: '1.1 varnish',
467 silly registry.get     'cache-control': 'max-age=60',
467 silly registry.get     etag: '"6WYEVPASC87BK97TQQWWW3G9M"',
467 silly registry.get     age: '52',
467 silly registry.get     connection: 'keep-alive',
467 silly registry.get     'x-served-by': 'cache-fra1238-FRA',
467 silly registry.get     'x-cache': 'HIT',
467 silly registry.get     'x-cache-hits': '1',
467 silly registry.get     'x-timer': 'S1431433265.974959,VS0,VE0',
467 silly registry.get     vary: 'Accept' } ]
468 verbose etag https://registry.npmjs.org/conkitty from cache
469 http 304 https://registry.npmjs.org/del
470 silly registry.get cb [ 304,
470 silly registry.get   { date: 'Tue, 12 May 2015 12:21:05 GMT',
470 silly registry.get     via: '1.1 varnish',
470 silly registry.get     'cache-control': 'max-age=60',
470 silly registry.get     etag: '"AAW6S9CIQNJZR6RXCOOPTG6GZ"',
470 silly registry.get     age: '51',
470 silly registry.get     connection: 'keep-alive',
470 silly registry.get     'x-served-by': 'cache-fra1225-FRA',
470 silly registry.get     'x-cache': 'HIT',
470 silly registry.get     'x-cache-hits': '1',
470 silly registry.get     'x-timer': 'S1431433265.988319,VS0,VE0',
470 silly registry.get     vary: 'Accept' } ]
471 verbose etag https://registry.npmjs.org/del from cache
472 http 304 https://registry.npmjs.org/exoskeleton
473 silly registry.get cb [ 304,
473 silly registry.get   { date: 'Tue, 12 May 2015 12:21:05 GMT',
473 silly registry.get     via: '1.1 varnish',
473 silly registry.get     'cache-control': 'max-age=60',
473 silly registry.get     etag: '"2EPJBQGAUMSNDG5VCUPK0TT6"',
473 silly registry.get     age: '51',
473 silly registry.get     connection: 'keep-alive',
473 silly registry.get     'x-served-by': 'cache-fra1230-FRA',
473 silly registry.get     'x-cache': 'HIT',
473 silly registry.get     'x-cache-hits': '1',
473 silly registry.get     'x-timer': 'S1431433265.998499,VS0,VE0',
473 silly registry.get     vary: 'Accept' } ]
474 verbose etag https://registry.npmjs.org/exoskeleton from cache
475 silly lockFile b88f2ee5-conkitty-0-5-16 conkitty@0.5.16
476 silly lockFile b88f2ee5-conkitty-0-5-16 conkitty@0.5.16
477 http 304 https://registry.npmjs.org/backbone
478 silly registry.get cb [ 304,
478 silly registry.get   { date: 'Tue, 12 May 2015 12:21:05 GMT',
478 silly registry.get     via: '1.1 varnish',
478 silly registry.get     'cache-control': 'max-age=60',
478 silly registry.get     etag: '"4SCEGZPEQ80NYPZJ15XZQEEJG"',
478 silly registry.get     age: '52',
478 silly registry.get     connection: 'keep-alive',
478 silly registry.get     'x-served-by': 'cache-fra1231-FRA',
478 silly registry.get     'x-cache': 'HIT',
478 silly registry.get     'x-cache-hits': '1',
478 silly registry.get     'x-timer': 'S1431433265.997370,VS0,VE0',
478 silly registry.get     vary: 'Accept' } ]
479 verbose etag https://registry.npmjs.org/backbone from cache
480 silly lockFile 6d26ea38-del-0-1-3 del@0.1.3
481 silly lockFile 6d26ea38-del-0-1-3 del@0.1.3
482 silly lockFile 6724da50-chai-1-10-0 chai@1.10.0
483 silly lockFile 6724da50-chai-1-10-0 chai@1.10.0
484 silly lockFile 5656e4f0-exoskeleton-0-7-0 exoskeleton@0.7.0
485 silly lockFile 5656e4f0-exoskeleton-0-7-0 exoskeleton@0.7.0
486 silly lockFile bd005187-backbone-1-1-2 backbone@1.1.2
487 silly lockFile bd005187-backbone-1-1-2 backbone@1.1.2
488 http 304 https://registry.npmjs.org/gulp-autoprefixer
489 silly registry.get cb [ 304,
489 silly registry.get   { date: 'Tue, 12 May 2015 12:21:06 GMT',
489 silly registry.get     via: '1.1 varnish',
489 silly registry.get     'cache-control': 'max-age=60',
489 silly registry.get     etag: '"4SITGKLNB60MQXCYLFZRQ2F77"',
489 silly registry.get     age: '19',
489 silly registry.get     connection: 'keep-alive',
489 silly registry.get     'x-served-by': 'cache-fra1246-FRA',
489 silly registry.get     'x-cache': 'HIT',
489 silly registry.get     'x-cache-hits': '2',
489 silly registry.get     'x-timer': 'S1431433266.045162,VS0,VE0',
489 silly registry.get     vary: 'Accept' } ]
490 verbose etag https://registry.npmjs.org/gulp-autoprefixer from cache
491 http 304 https://registry.npmjs.org/gulp-conkitty
492 silly registry.get cb [ 304,
492 silly registry.get   { date: 'Tue, 12 May 2015 12:21:06 GMT',
492 silly registry.get     via: '1.1 varnish',
492 silly registry.get     'cache-control': 'max-age=60',
492 silly registry.get     etag: '"ZL4QIG8120S19ABKFGNW0ZYX"',
492 silly registry.get     age: '51',
492 silly registry.get     connection: 'keep-alive',
492 silly registry.get     'x-served-by': 'cache-fra1238-FRA',
492 silly registry.get     'x-cache': 'HIT',
492 silly registry.get     'x-cache-hits': '1',
492 silly registry.get     'x-timer': 'S1431433266.048440,VS0,VE0',
492 silly registry.get     vary: 'Accept' } ]
493 verbose etag https://registry.npmjs.org/gulp-conkitty from cache
494 silly lockFile ccdf8bd0-gulp-autoprefixer-2-1-0 gulp-autoprefixer@2.1.0
495 silly lockFile ccdf8bd0-gulp-autoprefixer-2-1-0 gulp-autoprefixer@2.1.0
496 silly lockFile eb1ffbd6-gulp-conkitty-0-5-12 gulp-conkitty@0.5.12
497 silly lockFile eb1ffbd6-gulp-conkitty-0-5-12 gulp-conkitty@0.5.12
498 http 304 https://registry.npmjs.org/gulp
499 silly registry.get cb [ 304,
499 silly registry.get   { date: 'Tue, 12 May 2015 12:21:06 GMT',
499 silly registry.get     via: '1.1 varnish',
499 silly registry.get     'cache-control': 'max-age=60',
499 silly registry.get     etag: '"C11LLG6GKCZMFHVB0LOQCYEKO"',
499 silly registry.get     age: '9',
499 silly registry.get     connection: 'keep-alive',
499 silly registry.get     'x-served-by': 'cache-fra1225-FRA',
499 silly registry.get     'x-cache': 'HIT',
499 silly registry.get     'x-cache-hits': '1',
499 silly registry.get     'x-timer': 'S1431433266.057211,VS0,VE0',
499 silly registry.get     vary: 'Accept' } ]
500 verbose etag https://registry.npmjs.org/gulp from cache
501 silly lockFile 3d31ec08-gulp-3-8-11 gulp@3.8.11
502 silly lockFile 3d31ec08-gulp-3-8-11 gulp@3.8.11
503 http 304 https://registry.npmjs.org/gulp-connect
504 silly registry.get cb [ 304,
504 silly registry.get   { date: 'Tue, 12 May 2015 12:21:06 GMT',
504 silly registry.get     via: '1.1 varnish',
504 silly registry.get     'cache-control': 'max-age=60',
504 silly registry.get     etag: '"BG9LOJDCXXXXDV6P92EI5P6EE"',
504 silly registry.get     age: '55',
504 silly registry.get     connection: 'keep-alive',
504 silly registry.get     'x-served-by': 'cache-fra1230-FRA',
504 silly registry.get     'x-cache': 'HIT',
504 silly registry.get     'x-cache-hits': '1',
504 silly registry.get     'x-timer': 'S1431433266.065675,VS0,VE0',
504 silly registry.get     vary: 'Accept' } ]
505 verbose etag https://registry.npmjs.org/gulp-connect from cache
506 silly lockFile c3b45804-gulp-connect-2-0-6 gulp-connect@2.0.6
507 silly lockFile c3b45804-gulp-connect-2-0-6 gulp-connect@2.0.6
508 http 304 https://registry.npmjs.org/gulp-concat
509 silly registry.get cb [ 304,
509 silly registry.get   { date: 'Tue, 12 May 2015 12:21:06 GMT',
509 silly registry.get     via: '1.1 varnish',
509 silly registry.get     'cache-control': 'max-age=60',
509 silly registry.get     etag: '"4XYY6R0D424039BA6H8EHRLBC"',
509 silly registry.get     age: '0',
509 silly registry.get     connection: 'keep-alive',
509 silly registry.get     'x-served-by': 'cache-fra1231-FRA',
509 silly registry.get     'x-cache': 'HIT',
509 silly registry.get     'x-cache-hits': '1',
509 silly registry.get     'x-timer': 'S1431433266.072185,VS0,VE0',
509 silly registry.get     vary: 'Accept' } ]
510 verbose etag https://registry.npmjs.org/gulp-concat from cache
511 silly lockFile 248ae42e-gulp-concat-2-4-1 gulp-concat@2.4.1
512 silly lockFile 248ae42e-gulp-concat-2-4-1 gulp-concat@2.4.1
513 http 304 https://registry.npmjs.org/gulp-less
514 silly registry.get cb [ 304,
514 silly registry.get   { date: 'Tue, 12 May 2015 12:21:06 GMT',
514 silly registry.get     via: '1.1 varnish',
514 silly registry.get     'cache-control': 'max-age=60',
514 silly registry.get     etag: '"6TP8DU4R0QBLV49CNHCJD2IXV"',
514 silly registry.get     age: '58',
514 silly registry.get     connection: 'keep-alive',
514 silly registry.get     'x-served-by': 'cache-fra1225-FRA',
514 silly registry.get     'x-cache': 'HIT',
514 silly registry.get     'x-cache-hits': '1',
514 silly registry.get     'x-timer': 'S1431433266.120854,VS0,VE0',
514 silly registry.get     vary: 'Accept' } ]
515 verbose etag https://registry.npmjs.org/gulp-less from cache
516 silly lockFile 244926f4-gulp-less-1-3-6 gulp-less@1.3.6
517 silly lockFile 244926f4-gulp-less-1-3-6 gulp-less@1.3.6
518 http 304 https://registry.npmjs.org/gulp-rename
519 silly registry.get cb [ 304,
519 silly registry.get   { date: 'Tue, 12 May 2015 12:21:06 GMT',
519 silly registry.get     via: '1.1 varnish',
519 silly registry.get     'cache-control': 'max-age=60',
519 silly registry.get     etag: '"DTQPJDW3PDYSM3W8Z87DVZVGD"',
519 silly registry.get     age: '1',
519 silly registry.get     connection: 'keep-alive',
519 silly registry.get     'x-served-by': 'cache-fra1230-FRA',
519 silly registry.get     'x-cache': 'HIT',
519 silly registry.get     'x-cache-hits': '1',
519 silly registry.get     'x-timer': 'S1431433266.135108,VS0,VE0',
519 silly registry.get     vary: 'Accept' } ]
520 verbose etag https://registry.npmjs.org/gulp-rename from cache
521 silly lockFile 5981c611-gulp-rename-1-2-0 gulp-rename@1.2.0
522 silly lockFile 5981c611-gulp-rename-1-2-0 gulp-rename@1.2.0
523 http 304 https://registry.npmjs.org/gulp-uglify
524 silly registry.get cb [ 304,
524 silly registry.get   { date: 'Tue, 12 May 2015 12:21:06 GMT',
524 silly registry.get     via: '1.1 varnish',
524 silly registry.get     'cache-control': 'max-age=60',
524 silly registry.get     etag: '"1RJVP9MZFETQR2Q41G2HAHLKX"',
524 silly registry.get     age: '22',
524 silly registry.get     connection: 'keep-alive',
524 silly registry.get     'x-served-by': 'cache-fra1231-FRA',
524 silly registry.get     'x-cache': 'HIT',
524 silly registry.get     'x-cache-hits': '1',
524 silly registry.get     'x-timer': 'S1431433266.149412,VS0,VE0',
524 silly registry.get     vary: 'Accept' } ]
525 verbose etag https://registry.npmjs.org/gulp-uglify from cache
526 silly lockFile cef7c707-gulp-uglify-1-0-1 gulp-uglify@1.0.1
527 silly lockFile cef7c707-gulp-uglify-1-0-1 gulp-uglify@1.0.1
528 http 304 https://registry.npmjs.org/gulp-wrapper
529 silly registry.get cb [ 304,
529 silly registry.get   { date: 'Tue, 12 May 2015 12:21:06 GMT',
529 silly registry.get     via: '1.1 varnish',
529 silly registry.get     'cache-control': 'max-age=60',
529 silly registry.get     etag: '"1K3W1OUZKD3M4W73QZHLMR9ET"',
529 silly registry.get     age: '52',
529 silly registry.get     connection: 'keep-alive',
529 silly registry.get     'x-served-by': 'cache-fra1225-FRA',
529 silly registry.get     'x-cache': 'HIT',
529 silly registry.get     'x-cache-hits': '1',
529 silly registry.get     'x-timer': 'S1431433266.183973,VS0,VE0',
529 silly registry.get     vary: 'Accept' } ]
530 verbose etag https://registry.npmjs.org/gulp-wrapper from cache
531 silly lockFile bb945b10-gulp-wrapper-0-1-5 gulp-wrapper@0.1.5
532 silly lockFile bb945b10-gulp-wrapper-0-1-5 gulp-wrapper@0.1.5
533 http 304 https://registry.npmjs.org/jquery
534 silly registry.get cb [ 304,
534 silly registry.get   { date: 'Tue, 12 May 2015 12:21:06 GMT',
534 silly registry.get     via: '1.1 varnish',
534 silly registry.get     'cache-control': 'max-age=60',
534 silly registry.get     etag: '"9W35B90ZLRLQT7T1JKPMK9N6"',
534 silly registry.get     age: '30',
534 silly registry.get     connection: 'keep-alive',
534 silly registry.get     'x-served-by': 'cache-fra1230-FRA',
534 silly registry.get     'x-cache': 'HIT',
534 silly registry.get     'x-cache-hits': '1',
534 silly registry.get     'x-timer': 'S1431433266.204621,VS0,VE0',
534 silly registry.get     vary: 'Accept' } ]
535 verbose etag https://registry.npmjs.org/jquery from cache
536 silly lockFile 6fbd5787-jquery-2-1-3 jquery@2.1.3
537 silly lockFile 6fbd5787-jquery-2-1-3 jquery@2.1.3
538 http 304 https://registry.npmjs.org/gulp-filter
539 silly registry.get cb [ 304,
539 silly registry.get   { date: 'Tue, 12 May 2015 12:21:06 GMT',
539 silly registry.get     via: '1.1 varnish',
539 silly registry.get     'cache-control': 'max-age=60',
539 silly registry.get     etag: '"CXDNVOW3PCOZG1JMSA4CBMCBJ"',
539 silly registry.get     age: '0',
539 silly registry.get     connection: 'keep-alive',
539 silly registry.get     'x-served-by': 'cache-fra1246-FRA',
539 silly registry.get     'x-cache': 'MISS',
539 silly registry.get     'x-cache-hits': '0',
539 silly registry.get     'x-timer': 'S1431433266.110908,VS0,VE106',
539 silly registry.get     vary: 'Accept' } ]
540 verbose etag https://registry.npmjs.org/gulp-filter from cache
541 http 304 https://registry.npmjs.org/mocha
542 silly registry.get cb [ 304,
542 silly registry.get   { date: 'Tue, 12 May 2015 12:21:06 GMT',
542 silly registry.get     via: '1.1 varnish',
542 silly registry.get     'cache-control': 'max-age=60',
542 silly registry.get     etag: '"Q2WZPU2U9AJBHN50T95029I5"',
542 silly registry.get     age: '35',
542 silly registry.get     connection: 'keep-alive',
542 silly registry.get     'x-served-by': 'cache-fra1231-FRA',
542 silly registry.get     'x-cache': 'HIT',
542 silly registry.get     'x-cache-hits': '1',
542 silly registry.get     'x-timer': 'S1431433266.222342,VS0,VE0',
542 silly registry.get     vary: 'Accept' } ]
543 verbose etag https://registry.npmjs.org/mocha from cache
544 silly lockFile c3454c8d-gulp-filter-1-0-2 gulp-filter@1.0.2
545 silly lockFile c3454c8d-gulp-filter-1-0-2 gulp-filter@1.0.2
546 silly lockFile f9a4f261-mocha-2-1-0 mocha@2.1.0
547 silly lockFile f9a4f261-mocha-2-1-0 mocha@2.1.0
548 http 304 https://registry.npmjs.org/gulp-mocha-phantomjs
549 silly registry.get cb [ 304,
549 silly registry.get   { date: 'Tue, 12 May 2015 12:21:06 GMT',
549 silly registry.get     via: '1.1 varnish',
549 silly registry.get     'cache-control': 'max-age=60',
549 silly registry.get     etag: '"9D4QU1VAJQY7GMHTNGNW4OR3Z"',
549 silly registry.get     age: '52',
549 silly registry.get     connection: 'keep-alive',
549 silly registry.get     'x-served-by': 'cache-fra1225-FRA',
549 silly registry.get     'x-cache': 'HIT',
549 silly registry.get     'x-cache-hits': '1',
549 silly registry.get     'x-timer': 'S1431433266.251246,VS0,VE0',
549 silly registry.get     vary: 'Accept' } ]
550 verbose etag https://registry.npmjs.org/gulp-mocha-phantomjs from cache
551 silly lockFile 65a22ac5-gulp-mocha-phantomjs-0-5-3 gulp-mocha-phantomjs@0.5.3
552 silly lockFile 65a22ac5-gulp-mocha-phantomjs-0-5-3 gulp-mocha-phantomjs@0.5.3
553 http 304 https://registry.npmjs.org/sinon
554 silly registry.get cb [ 304,
554 silly registry.get   { date: 'Tue, 12 May 2015 12:21:06 GMT',
554 silly registry.get     via: '1.1 varnish',
554 silly registry.get     'cache-control': 'max-age=60',
554 silly registry.get     etag: '"C7KZZWSJ7C7OWDFWR55YHV1J1"',
554 silly registry.get     age: '56',
554 silly registry.get     connection: 'keep-alive',
554 silly registry.get     'x-served-by': 'cache-fra1230-FRA',
554 silly registry.get     'x-cache': 'HIT',
554 silly registry.get     'x-cache-hits': '1',
554 silly registry.get     'x-timer': 'S1431433266.280101,VS0,VE0',
554 silly registry.get     vary: 'Accept' } ]
555 verbose etag https://registry.npmjs.org/sinon from cache
556 silly lockFile 47873d1f-sinon-1-14-1 sinon@1.14.1
557 silly lockFile 47873d1f-sinon-1-14-1 sinon@1.14.1
558 http 304 https://registry.npmjs.org/through2
559 silly registry.get cb [ 304,
559 silly registry.get   { date: 'Tue, 12 May 2015 12:21:06 GMT',
559 silly registry.get     via: '1.1 varnish',
559 silly registry.get     'cache-control': 'max-age=60',
559 silly registry.get     etag: '"AEW2CAWA6S4CSLYZ8CNHYU9N7"',
559 silly registry.get     age: '27',
559 silly registry.get     connection: 'keep-alive',
559 silly registry.get     'x-served-by': 'cache-fra1246-FRA',
559 silly registry.get     'x-cache': 'HIT',
559 silly registry.get     'x-cache-hits': '4',
559 silly registry.get     'x-timer': 'S1431433266.292377,VS0,VE0',
559 silly registry.get     vary: 'Accept' } ]
560 verbose etag https://registry.npmjs.org/through2 from cache
561 silly lockFile 2a56946f-through2-0-6-3 through2@0.6.3
562 silly lockFile 2a56946f-through2-0-6-3 through2@0.6.3
563 http 304 https://registry.npmjs.org/gulp-eslint
564 silly registry.get cb [ 304,
564 silly registry.get   { date: 'Tue, 12 May 2015 12:21:06 GMT',
564 silly registry.get     via: '1.1 varnish',
564 silly registry.get     'cache-control': 'max-age=60',
564 silly registry.get     etag: '"1MVX45KE53EIKT1DA5OZSU4HL"',
564 silly registry.get     age: '0',
564 silly registry.get     connection: 'keep-alive',
564 silly registry.get     'x-served-by': 'cache-fra1238-FRA',
564 silly registry.get     'x-cache': 'HIT',
564 silly registry.get     'x-cache-hits': '1',
564 silly registry.get     'x-timer': 'S1431433266.118899,VS0,VE177',
564 silly registry.get     vary: 'Accept' } ]
565 verbose etag https://registry.npmjs.org/gulp-eslint from cache
566 http 304 https://registry.npmjs.org/yargs
567 silly registry.get cb [ 304,
567 silly registry.get   { date: 'Tue, 12 May 2015 12:21:06 GMT',
567 silly registry.get     via: '1.1 varnish',
567 silly registry.get     'cache-control': 'max-age=60',
567 silly registry.get     etag: '"70KWO1II5MVYLDVBPSE35CSO"',
567 silly registry.get     age: '43',
567 silly registry.get     connection: 'keep-alive',
567 silly registry.get     'x-served-by': 'cache-fra1231-FRA',
567 silly registry.get     'x-cache': 'HIT',
567 silly registry.get     'x-cache-hits': '4',
567 silly registry.get     'x-timer': 'S1431433266.298515,VS0,VE0',
567 silly registry.get     vary: 'Accept' } ]
568 verbose etag https://registry.npmjs.org/yargs from cache
569 http 304 https://registry.npmjs.org/gulp-util
570 silly registry.get cb [ 304,
570 silly registry.get   { date: 'Tue, 12 May 2015 12:21:06 GMT',
570 silly registry.get     via: '1.1 varnish',
570 silly registry.get     'cache-control': 'max-age=60',
570 silly registry.get     etag: '"6K3SGVFQURTJ2LJZLG6E2GVIC"',
570 silly registry.get     age: '30',
570 silly registry.get     connection: 'keep-alive',
570 silly registry.get     'x-served-by': 'cache-fra1225-FRA',
570 silly registry.get     'x-cache': 'HIT',
570 silly registry.get     'x-cache-hits': '1',
570 silly registry.get     'x-timer': 'S1431433266.320821,VS0,VE0',
570 silly registry.get     vary: 'Accept' } ]
571 verbose etag https://registry.npmjs.org/gulp-util from cache
572 silly lockFile fb5dbd1f-gulp-eslint-0-1-8 gulp-eslint@0.1.8
573 silly lockFile fb5dbd1f-gulp-eslint-0-1-8 gulp-eslint@0.1.8
574 silly lockFile be814088-yargs-3-6-0 yargs@3.6.0
575 silly lockFile be814088-yargs-3-6-0 yargs@3.6.0
576 silly lockFile ea8d3cdd-gulp-util-3-0-1 gulp-util@3.0.1
577 silly lockFile ea8d3cdd-gulp-util-3-0-1 gulp-util@3.0.1
578 http 304 https://registry.npmjs.org/glob
579 silly registry.get cb [ 304,
579 silly registry.get   { date: 'Tue, 12 May 2015 12:21:06 GMT',
579 silly registry.get     via: '1.1 varnish',
579 silly registry.get     'cache-control': 'max-age=60',
579 silly registry.get     etag: '"23LRML2XK9MJY4RZ00E537LMI"',
579 silly registry.get     age: '40',
579 silly registry.get     connection: 'keep-alive',
579 silly registry.get     'x-served-by': 'cache-fra1230-FRA',
579 silly registry.get     'x-cache': 'HIT',
579 silly registry.get     'x-cache-hits': '5',
579 silly registry.get     'x-timer': 'S1431433266.346854,VS0,VE0',
579 silly registry.get     vary: 'Accept' } ]
580 verbose etag https://registry.npmjs.org/glob from cache
581 silly lockFile 82561750-glob-4-0-6 glob@4.0.6
582 silly lockFile 82561750-glob-4-0-6 glob@4.0.6
583 http 200 https://github.com/maetchkin/qex-prism
584 http 200 https://github.com/madrobby/zepto
585 verbose tar unpack /tmp/npm-52126-yx8mqIJk/github.com/maetchkin/qex-prism
586 silly lockFile bc292266-b-com-maetchkin-qex-prism-unpack tar:///tmp/npm-52126-yx8mqIJk/github.com/maetchkin/qex-prism-unpack
587 verbose lock tar:///tmp/npm-52126-yx8mqIJk/github.com/maetchkin/qex-prism-unpack /Users/hypnos/.npm/bc292266-b-com-maetchkin-qex-prism-unpack.lock
588 silly lockFile 328c42c5-k-github-com-maetchkin-qex-prism tar:///tmp/npm-52126-yx8mqIJk/github.com/maetchkin/qex-prism
589 verbose lock tar:///tmp/npm-52126-yx8mqIJk/github.com/maetchkin/qex-prism /Users/hypnos/.npm/328c42c5-k-github-com-maetchkin-qex-prism.lock
590 silly gunzTarPerm modes [ '755', '644' ]
591 error not a package /tmp/npm-52126-yx8mqIJk/github.com/maetchkin/qex-prism
592 silly lockFile bc292266-b-com-maetchkin-qex-prism-unpack tar:///tmp/npm-52126-yx8mqIJk/github.com/maetchkin/qex-prism-unpack
593 silly lockFile bc292266-b-com-maetchkin-qex-prism-unpack tar:///tmp/npm-52126-yx8mqIJk/github.com/maetchkin/qex-prism-unpack
594 silly lockFile 328c42c5-k-github-com-maetchkin-qex-prism tar:///tmp/npm-52126-yx8mqIJk/github.com/maetchkin/qex-prism
595 silly lockFile 328c42c5-k-github-com-maetchkin-qex-prism tar:///tmp/npm-52126-yx8mqIJk/github.com/maetchkin/qex-prism
596 silly lockFile 935a72d1-s-github-com-maetchkin-qex-prism https://github.com/maetchkin/qex-prism
597 silly lockFile 935a72d1-s-github-com-maetchkin-qex-prism https://github.com/maetchkin/qex-prism
598 verbose tar unpack /tmp/npm-52126-yx8mqIJk/github.com/madrobby/zepto
599 silly lockFile b1db9bb8-github-com-madrobby-zepto-unpack tar:///tmp/npm-52126-yx8mqIJk/github.com/madrobby/zepto-unpack
600 verbose lock tar:///tmp/npm-52126-yx8mqIJk/github.com/madrobby/zepto-unpack /Users/hypnos/.npm/b1db9bb8-github-com-madrobby-zepto-unpack.lock
601 silly lockFile dfad2550-8mqIJk-github-com-madrobby-zepto tar:///tmp/npm-52126-yx8mqIJk/github.com/madrobby/zepto
602 verbose lock tar:///tmp/npm-52126-yx8mqIJk/github.com/madrobby/zepto /Users/hypnos/.npm/dfad2550-8mqIJk-github-com-madrobby-zepto.lock
603 silly gunzTarPerm modes [ '755', '644' ]
604 error not a package /tmp/npm-52126-yx8mqIJk/github.com/madrobby/zepto
605 silly lockFile b1db9bb8-github-com-madrobby-zepto-unpack tar:///tmp/npm-52126-yx8mqIJk/github.com/madrobby/zepto-unpack
606 silly lockFile b1db9bb8-github-com-madrobby-zepto-unpack tar:///tmp/npm-52126-yx8mqIJk/github.com/madrobby/zepto-unpack
607 silly lockFile dfad2550-8mqIJk-github-com-madrobby-zepto tar:///tmp/npm-52126-yx8mqIJk/github.com/madrobby/zepto
608 silly lockFile dfad2550-8mqIJk-github-com-madrobby-zepto tar:///tmp/npm-52126-yx8mqIJk/github.com/madrobby/zepto
609 silly lockFile 4b12980f-https-github-com-madrobby-zepto https://github.com/madrobby/zepto
610 silly lockFile 4b12980f-https-github-com-madrobby-zepto https://github.com/madrobby/zepto
611 error Error: ENOENT, open '/tmp/npm-52126-yx8mqIJk/github.com/maetchkin/qex-prism-unpack/package.json'
612 error If you need help, you may report this *entire* log,
612 error including the npm and node versions, at:
612 error     <http://github.com/npm/npm/issues>
613 error System Darwin 14.3.0
614 error command "node" "/usr/local/bin/npm" "install"
615 error cwd /Users/hypnos/qex-controls
616 error node -v v0.10.35
617 error npm -v 1.4.28
618 error path /tmp/npm-52126-yx8mqIJk/github.com/maetchkin/qex-prism-unpack/package.json
619 error code ENOENT
620 error errno 34
621 verbose exit [ 34, true ]
